# JRE version: OpenJDK Runtime Environment Temurin-17.0.19+10 (17.0.19+10) (build 17.0.19+10)
# Java VM: OpenJDK 64-Bit Server VM Temurin-17.0.19+10 (17.0.19+10, mixed mode, sharing, tiered, compressed oops, compressed class ptrs, g1 gc, windows-amd64)
GC Precious Log:
 CPUs: 12 total, 12 available
 Memory: 15710M
 Large Page Support: Disabled
 NUMA Support: Disabled
 Compressed Oops: Enabled (Zero based)
 Heap Region Size: 2M
 Heap Min Capacity: 8M
 Heap Initial Capacity: 246M
 Heap Max Capacity: 3928M
 Pre-touch: Disabled
 Parallel Workers: 10
 Concurrent Workers: 3
 Concurrent Refinement Workers: 10
 Periodic GC: Disabled
Heap:
 garbage-first heap   total 204800K, used 97402K [0x000000070a800000, 0x0000000800000000)
  region size 2048K, 26 young (53248K), 3 survivors (6144K)
 Metaspace       used 47378K, committed 47744K, reserved 1114112K
  class space    used 5623K, committed 5760K, reserved 1048576K
GC Heap History (18 events):
Event: 1.321 GC heap before
{Heap before GC invocations=0 (full 0):
 garbage-first heap   total 251904K, used 24576K [0x000000070a800000, 0x0000000800000000)
  region size 2048K, 11 young (22528K), 0 survivors (0K)
 Metaspace       used 6470K, committed 6592K, reserved 1114112K
  class space    used 593K, committed 640K, reserved 1048576K
}
Event: 1.325 GC heap after
{Heap after GC invocations=1 (full 0):
 garbage-first heap   total 251904K, used 6946K [0x000000070a800000, 0x0000000800000000)
  region size 2048K, 2 young (4096K), 2 survivors (4096K)
 Metaspace       used 6470K, committed 6592K, reserved 1114112K
  class space    used 593K, committed 640K, reserved 1048576K
}
Event: 2.508 GC heap before
{Heap before GC invocations=1 (full 0):
 garbage-first heap   total 251904K, used 41762K [0x000000070a800000, 0x0000000800000000)
  region size 2048K, 19 young (38912K), 2 survivors (4096K)
 Metaspace       used 14980K, committed 15296K, reserved 1114112K
  class space    used 1631K, committed 1792K, reserved 1048576K
}
Event: 2.516 GC heap after
{Heap after GC invocations=2 (full 0):
 garbage-first heap   total 251904K, used 12395K [0x000000070a800000, 0x0000000800000000)
  region size 2048K, 3 young (6144K), 3 survivors (6144K)
 Metaspace       used 14980K, committed 15296K, reserved 1114112K
  class space    used 1631K, committed 1792K, reserved 1048576K
}
Event: 3.879 GC heap before
{Heap before GC invocations=2 (full 0):
 garbage-first heap   total 251904K, used 77931K [0x000000070a800000, 0x0000000800000000)
  region size 2048K, 36 young (73728K), 3 survivors (6144K)
 Metaspace       used 21222K, committed 21504K, reserved 1114112K
  class space    used 2614K, committed 2752K, reserved 1048576K
}
Event: 3.904 GC heap after
{Heap after GC invocations=3 (full 0):
 garbage-first heap   total 251904K, used 30485K [0x000000070a800000, 0x0000000800000000)
  region size 2048K, 10 young (20480K), 10 survivors (20480K)
 Metaspace       used 21222K, committed 21504K, reserved 1114112K
  class space    used 2614K, committed 2752K, reserved 1048576K
}
Event: 4.337 GC heap before
{Heap before GC invocations=4 (full 0):
 garbage-first heap   total 110592K, used 42773K [0x000000070a800000, 0x0000000800000000)
  region size 2048K, 16 young (32768K), 10 survivors (20480K)
 Metaspace       used 23289K, committed 23488K, reserved 1114112K
  class space    used 3036K, committed 3136K, reserved 1048576K
}
Event: 4.369 GC heap after
{Heap after GC invocations=5 (full 0):
 garbage-first heap   total 110592K, used 34785K [0x000000070a800000, 0x0000000800000000)
  region size 2048K, 2 young (4096K), 2 survivors (4096K)
 Metaspace       used 23289K, committed 23488K, reserved 1114112K
  class space    used 3036K, committed 3136K, reserved 1048576K
}
Event: 5.740 GC heap before
{Heap before GC invocations=5 (full 0):
 garbage-first heap   total 110592K, used 73697K [0x000000070a800000, 0x0000000800000000)
  region size 2048K, 21 young (43008K), 2 survivors (4096K)
 Metaspace       used 32411K, committed 32640K, reserved 1114112K
  class space    used 3939K, committed 4032K, reserved 1048576K
}
Event: 5.757 GC heap after
{Heap after GC invocations=6 (full 0):
 garbage-first heap   total 110592K, used 35331K [0x000000070a800000, 0x0000000800000000)
  region size 2048K, 3 young (6144K), 3 survivors (6144K)
 Metaspace       used 32411K, committed 32640K, reserved 1114112K
  class space    used 3939K, committed 4032K, reserved 1048576K
}
Event: 6.550 GC heap before
{Heap before GC invocations=6 (full 0):
 garbage-first heap   total 110592K, used 51715K [0x000000070a800000, 0x0000000800000000)
  region size 2048K, 12 young (24576K), 3 survivors (6144K)
 Metaspace       used 35837K, committed 36096K, reserved 1114112K
  class space    used 4296K, committed 4416K, reserved 1048576K
}
Event: 6.566 GC heap after
{Heap after GC invocations=7 (full 0):
 garbage-first heap   total 110592K, used 37019K [0x000000070a800000, 0x0000000800000000)
  region size 2048K, 2 young (4096K), 2 survivors (4096K)
 Metaspace       used 35837K, committed 36096K, reserved 1114112K
  class space    used 4296K, committed 4416K, reserved 1048576K
}
Event: 7.935 GC heap before
{Heap before GC invocations=8 (full 0):
 garbage-first heap   total 110592K, used 80027K [0x000000070a800000, 0x0000000800000000)
  region size 2048K, 23 young (47104K), 2 survivors (4096K)
 Metaspace       used 40877K, committed 41152K, reserved 1114112K
  class space    used 4925K, committed 5056K, reserved 1048576K
}
Event: 7.966 GC heap after
{Heap after GC invocations=9 (full 0):
 garbage-first heap   total 110592K, used 46431K [0x000000070a800000, 0x0000000800000000)
  region size 2048K, 3 young (6144K), 3 survivors (6144K)
 Metaspace       used 40877K, committed 41152K, reserved 1114112K
  class space    used 4925K, committed 5056K, reserved 1048576K
}
Event: 8.082 GC heap before
{Heap before GC invocations=9 (full 0):
 garbage-first heap   total 110592K, used 48479K [0x000000070a800000, 0x0000000800000000)
  region size 2048K, 4 young (8192K), 3 survivors (6144K)
 Metaspace       used 41254K, committed 41600K, reserved 1114112K
  class space    used 4977K, committed 5120K, reserved 1048576K
}
Event: 8.108 GC heap after
{Heap after GC invocations=10 (full 0):
 garbage-first heap   total 110592K, used 47650K [0x000000070a800000, 0x0000000800000000)
  region size 2048K, 1 young (2048K), 1 survivors (2048K)
 Metaspace       used 41254K, committed 41600K, reserved 1114112K
  class space    used 4977K, committed 5120K, reserved 1048576K
}
Event: 9.348 GC heap before
{Heap before GC invocations=10 (full 0):
 garbage-first heap   total 110592K, used 78370K [0x000000070a800000, 0x0000000800000000)
  region size 2048K, 17 young (34816K), 1 survivors (2048K)
 Metaspace       used 45373K, committed 45632K, reserved 1114112K
  class space    used 5460K, committed 5568K, reserved 1048576K
}
Event: 9.372 GC heap after
{Heap after GC invocations=11 (full 0):
 garbage-first heap   total 204800K, used 52346K [0x000000070a800000, 0x0000000800000000)
  region size 2048K, 3 young (6144K), 3 survivors (6144K)
 Metaspace       used 45373K, committed 45632K, reserved 1114112K
  class space    used 5460K, committed 5568K, reserved 1048576K
}

